2024-09-25 22:01:38,481 [INFO] Activator:176 - 


2024-09-25 22:01:38,493 [INFO] Activator:177 - !SESSION log4j initialized
2024-09-25 22:01:48,583 [INFO] LogOutputStream:77 - [STDOUT_REDIRECT] 
2024-09-25 22:01:58,548 [INFO] ApplicationProperties:184 - Using Application install path: C:\ST\STM32CubeIDE_1.16.0\STM32CubeIDE\plugins\com.st.stm32cube.common.mx_6.12.0.202406281431
2024-09-25 22:01:58,569 [INFO] DbMcusXml:78 - Set database path to: C:\ST\STM32CubeIDE_1.16.0\STM32CubeIDE\plugins\com.st.stm32cube.common.mx_6.12.0.202406281431\\db\/mcu/
2024-09-25 22:01:58,569 [INFO] ApiDb:274 - Set plugin database path to: C:\ST\STM32CubeIDE_1.16.0\STM32CubeIDE\plugins\com.st.stm32cube.common.mx_6.12.0.202406281431\\db\/plugins/boardmanager/
2024-09-25 22:01:58,569 [WARN] ApiDb:259 - Overriding images path with different value:  => C:\ST\STM32CubeIDE_1.16.0\STM32CubeIDE\plugins\com.st.stm32cube.common.mx_6.12.0.202406281431\\db\/plugins/mcufinder/images/
2024-09-25 22:01:58,581 [INFO] ApiDb:250 - Set database path to: C:\Users\rolni\.stmcufinder\plugins\mcufinder//mcu/
2024-09-25 22:01:58,583 [INFO] DbMcusAds:125 - Set database path to: C:\Users\rolni\.stmcufinder\plugins\mcufinder//mcu/
2024-09-25 22:01:58,586 [INFO] CrossReferenceDbSqlite:203 - Set database path to: C:\Users\rolni\.stmcufinder\plugins\mcufinder//mcu/cs/
2024-09-25 22:01:58,711 [INFO] RulesReader:64 - Compatibility file has been processed (297 Rules)
2024-09-25 22:01:58,795 [INFO] DbMcusXml:78 - Set database path to: C:\ST\STM32CubeIDE_1.16.0\STM32CubeIDE\plugins\com.st.stm32cube.common.mx_6.12.0.202406281431\\db\/mcu/
2024-09-25 22:01:58,795 [INFO] ApiDb:274 - Set plugin database path to: C:\ST\STM32CubeIDE_1.16.0\STM32CubeIDE\plugins\com.st.stm32cube.common.mx_6.12.0.202406281431\\db\/plugins/boardmanager/
2024-09-25 22:01:58,796 [INFO] ApiDb:261 - Set plugin images path to: C:\ST\STM32CubeIDE_1.16.0\STM32CubeIDE\plugins\com.st.stm32cube.common.mx_6.12.0.202406281431\\db\/plugins/mcufinder/images/
2024-09-25 22:01:58,796 [WARN] DbFile:41 - Overriding database path with different value: C:\Users\rolni\.stmcufinder\plugins\mcufinder/ => C:\Users\rolni\.stmcufinder\plugins\mcufinder
2024-09-25 22:01:58,796 [INFO] ApiDb:250 - Set database path to: C:\Users\rolni\.stmcufinder\plugins\mcufinder//mcu/
2024-09-25 22:01:58,796 [WARN] DbFile:41 - Overriding database path with different value: C:\Users\rolni\.stmcufinder\plugins\mcufinder/ => C:\Users\rolni\.stmcufinder\plugins\mcufinder
2024-09-25 22:01:58,796 [INFO] DbMcusAds:125 - Set database path to: C:\Users\rolni\.stmcufinder\plugins\mcufinder//mcu/
2024-09-25 22:01:58,796 [WARN] DbFile:41 - Overriding database path with different value: C:\Users\rolni\.stmcufinder\plugins\mcufinder/ => C:\Users\rolni\.stmcufinder\plugins\mcufinder
2024-09-25 22:01:58,796 [WARN] DbFile:41 - Overriding database path with different value: C:\Users\rolni\.stmcufinder\plugins\mcufinder/ => C:\Users\rolni\.stmcufinder\plugins\mcufinder
2024-09-25 22:01:58,796 [INFO] CrossReferenceDbSqlite:203 - Set database path to: C:\Users\rolni\.stmcufinder\plugins\mcufinder//mcu/cs/
2024-09-25 22:01:58,897 [INFO] MainPanel:268 - HeapMemory: 268435456
2024-09-25 22:01:59,039 [INFO] DbMcusXml:78 - Set database path to: C:\ST\STM32CubeIDE_1.16.0\STM32CubeIDE\plugins\com.st.stm32cube.common.mx_6.12.0.202406281431\\db\/mcu/
2024-09-25 22:01:59,039 [INFO] ApiDb:274 - Set plugin database path to: C:\ST\STM32CubeIDE_1.16.0\STM32CubeIDE\plugins\com.st.stm32cube.common.mx_6.12.0.202406281431\\db\/plugins/boardmanager/
2024-09-25 22:01:59,039 [INFO] ApiDb:261 - Set plugin images path to: C:\ST\STM32CubeIDE_1.16.0\STM32CubeIDE\plugins\com.st.stm32cube.common.mx_6.12.0.202406281431\\db\/plugins/mcufinder/images/
2024-09-25 22:01:59,040 [WARN] DbFile:41 - Overriding database path with different value: C:\Users\rolni\.stmcufinder\plugins\mcufinder/ => C:\Users\rolni\.stmcufinder\plugins\mcufinder
2024-09-25 22:01:59,040 [INFO] ApiDb:250 - Set database path to: C:\Users\rolni\.stmcufinder\plugins\mcufinder//mcu/
2024-09-25 22:01:59,040 [WARN] DbFile:41 - Overriding database path with different value: C:\Users\rolni\.stmcufinder\plugins\mcufinder/ => C:\Users\rolni\.stmcufinder\plugins\mcufinder
2024-09-25 22:01:59,040 [INFO] DbMcusAds:125 - Set database path to: C:\Users\rolni\.stmcufinder\plugins\mcufinder//mcu/
2024-09-25 22:01:59,040 [WARN] DbFile:41 - Overriding database path with different value: C:\Users\rolni\.stmcufinder\plugins\mcufinder/ => C:\Users\rolni\.stmcufinder\plugins\mcufinder
2024-09-25 22:01:59,040 [WARN] DbFile:41 - Overriding database path with different value: C:\Users\rolni\.stmcufinder\plugins\mcufinder/ => C:\Users\rolni\.stmcufinder\plugins\mcufinder
2024-09-25 22:01:59,040 [INFO] CrossReferenceDbSqlite:203 - Set database path to: C:\Users\rolni\.stmcufinder\plugins\mcufinder//mcu/cs/
2024-09-25 22:01:59,059 [INFO] ApplicationProperties:184 - Using Application install path: C:\ST\STM32CubeIDE_1.16.0\STM32CubeIDE\plugins\com.st.stm32cube.common.mx_6.12.0.202406281431
2024-09-25 22:01:59,061 [INFO] PluginManage:196 - Search for loadable plugins [exclusion list=, ]
2024-09-25 22:01:59,063 [INFO] PluginManage:310 - Check plugin analytics
2024-09-25 22:01:59,303 [INFO] AnalyticsPlugin:253 - Accepted Software Licenses: 
2024-09-25 22:01:59,303 [INFO] AnalyticsPlugin:255 - Accepted CMSIS Pack Licenses: 
2024-09-25 22:01:59,304 [INFO] AnalyticsPlugin:257 - Accepted Firmware Licenses: FW.F4.1.28.0
2024-09-25 22:01:59,307 [INFO] PluginManage:359 - Loaded plugin analytics (category:tool,tabindex:-1)
2024-09-25 22:01:59,307 [INFO] PluginManage:310 - Check plugin cadmodel
2024-09-25 22:01:59,324 [INFO] CADModel:105 - Init CAD model plugin
2024-09-25 22:01:59,325 [INFO] PluginManage:359 - Loaded plugin cadmodel (category:power,tabindex:5)
2024-09-25 22:01:59,325 [INFO] PluginManage:310 - Check plugin clock
2024-09-25 22:01:59,350 [INFO] PluginManage:359 - Loaded plugin clock (category:base,tabindex:2)
2024-09-25 22:01:59,351 [INFO] PluginManage:310 - Check plugin ddr
2024-09-25 22:01:59,355 [INFO] PluginManage:359 - Loaded plugin ddr (category:tool,tabindex:6)
2024-09-25 22:01:59,355 [INFO] PluginManage:310 - Check plugin filemanager
2024-09-25 22:01:59,535 [INFO] PluginManage:359 - Loaded plugin filemanager (category:base,tabindex:10)
2024-09-25 22:01:59,535 [INFO] PluginManage:310 - Check plugin ipmanager
2024-09-25 22:01:59,545 [INFO] PluginManage:359 - Loaded plugin ipmanager (category:base,tabindex:5)
2024-09-25 22:01:59,545 [INFO] PluginManage:310 - Check plugin lpbam
2024-09-25 22:01:59,567 [INFO] PluginManage:359 - Loaded plugin lpbam (category:base,tabindex:0)
2024-09-25 22:01:59,567 [INFO] PluginManage:310 - Check plugin memorymap
2024-09-25 22:01:59,593 [INFO] PluginManage:359 - Loaded plugin memorymap (category:base,tabindex:4)
2024-09-25 22:01:59,594 [INFO] PluginManage:310 - Check plugin pinoutandconfiguration
2024-09-25 22:01:59,612 [INFO] PluginManage:359 - Loaded plugin pinoutandconfiguration (category:base,tabindex:1)
2024-09-25 22:01:59,612 [INFO] PluginManage:310 - Check plugin pinoutconfig
2024-09-25 22:01:59,741 [WARN] SupportedApi:132 - Cannot load RTOS API schema: s4s-elt-must-match.1: The content of 'definitions' must match (annotation?, (simpleType | complexType)?, (unique | key | keyref)*)). A problem was found starting at: attribute.
2024-09-25 22:01:59,931 [INFO] PluginManage:359 - Loaded plugin pinoutconfig (category:base,tabindex:0)
2024-09-25 22:01:59,931 [INFO] PluginManage:310 - Check plugin power
2024-09-25 22:01:59,954 [INFO] PluginManage:359 - Loaded plugin power (category:power,tabindex:4)
2024-09-25 22:01:59,955 [INFO] PluginManage:310 - Check plugin projectmanager
2024-09-25 22:01:59,979 [INFO] PluginManage:359 - Loaded plugin projectmanager (category:projectmanager,tabindex:4)
2024-09-25 22:01:59,979 [INFO] PluginManage:310 - Check plugin rif
2024-09-25 22:01:59,997 [INFO] PluginManage:359 - Loaded plugin rif (category:base,tabindex:3)
2024-09-25 22:01:59,997 [INFO] PluginManage:310 - Check plugin thirdparty
2024-09-25 22:02:00,318 [INFO] PluginManage:359 - Loaded plugin thirdparty (category:base,tabindex:-1)
2024-09-25 22:02:00,319 [INFO] PluginManage:310 - Check plugin tools
2024-09-25 22:02:00,319 [WARN] IntegrityCheckThread:84 - waiting for thirdparty lock release [integrity check]
2024-09-25 22:02:00,319 [INFO] IntegrityCheckThread:86 - entering critical section [integrity check]
2024-09-25 22:02:00,320 [INFO] ThirdPartyUpdaterWithRetryManager:70 - Updater plugin not ready yet. [1/15]
2024-09-25 22:02:00,361 [INFO] PluginManage:359 - Loaded plugin tools (category:base,tabindex:7)
2024-09-25 22:02:00,362 [INFO] PluginManage:310 - Check plugin tutovideos
2024-09-25 22:02:00,578 [INFO] PluginManage:359 - Loaded plugin tutovideos (category:base,tabindex:-1)
2024-09-25 22:02:00,578 [INFO] PluginManage:310 - Check plugin updater
2024-09-25 22:02:00,597 [INFO] PluginManage:359 - Loaded plugin updater (category:base,tabindex:12)
2024-09-25 22:02:00,597 [INFO] PluginManage:310 - Check plugin userauth
2024-09-25 22:02:00,604 [INFO] UserAuth:113 - Init User Auth plugin
2024-09-25 22:02:00,604 [INFO] PluginManage:359 - Loaded plugin userauth (category:base,tabindex:14)
2024-09-25 22:02:00,604 [INFO] PluginManage:283 - PluginManage : Loaded plugins [18]
2024-09-25 22:02:00,844 [INFO] PinOutPanel:1561 - setPackage(No Configuration,No Configuration)
2024-09-25 22:02:00,952 [INFO] CADModel:165 - CPN selected for project level
2024-09-25 22:02:00,953 [INFO] CADModel:114 - Register for checkConnection events
2024-09-25 22:02:00,983 [INFO] IPUIPlugin:80 - create IPUIPlugin
2024-09-25 22:02:00,983 [INFO] PluginManager:220 - loadIPPluginJar : add adc
2024-09-25 22:02:01,024 [INFO] IPUIPlugin:80 - create IPUIPlugin
2024-09-25 22:02:01,024 [INFO] PluginManager:220 - loadIPPluginJar : add aes
2024-09-25 22:02:01,070 [INFO] IPUIPlugin:80 - create IPUIPlugin
2024-09-25 22:02:01,071 [INFO] PluginManager:220 - loadIPPluginJar : add can
2024-09-25 22:02:01,096 [INFO] IPUIPlugin:80 - create IPUIPlugin
2024-09-25 22:02:01,096 [INFO] PluginManager:220 - loadIPPluginJar : add comp
2024-09-25 22:02:01,134 [INFO] IPUIPlugin:80 - create IPUIPlugin
2024-09-25 22:02:01,134 [INFO] PluginManager:220 - loadIPPluginJar : add cryp
2024-09-25 22:02:01,147 [INFO] IPUIPlugin:80 - create IPUIPlugin
2024-09-25 22:02:01,147 [INFO] PluginManager:220 - loadIPPluginJar : add ddr_ctrl_phy
2024-09-25 22:02:01,183 [INFO] IPUIPlugin:80 - create IPUIPlugin
2024-09-25 22:02:01,184 [INFO] PluginManager:220 - loadIPPluginJar : add dfsdm
2024-09-25 22:02:01,199 [INFO] IPUIPlugin:80 - create IPUIPlugin
2024-09-25 22:02:01,199 [INFO] PluginManager:220 - loadIPPluginJar : add dma
2024-09-25 22:02:01,247 [INFO] IPUIPlugin:80 - create IPUIPlugin
2024-09-25 22:02:01,247 [INFO] PluginManager:220 - loadIPPluginJar : add dma3
2024-09-25 22:02:01,295 [INFO] IPUIPlugin:80 - create IPUIPlugin
2024-09-25 22:02:01,295 [INFO] PluginManager:220 - loadIPPluginJar : add extmemmanager
2024-09-25 22:02:01,317 [INFO] IPUIPlugin:80 - create IPUIPlugin
2024-09-25 22:02:01,317 [INFO] PluginManager:220 - loadIPPluginJar : add fatfs
2024-09-25 22:02:01,372 [INFO] IPUIPlugin:80 - create IPUIPlugin
2024-09-25 22:02:01,372 [INFO] PluginManager:220 - loadIPPluginJar : add fmc
2024-09-25 22:02:01,387 [INFO] IPUIPlugin:80 - create IPUIPlugin
2024-09-25 22:02:01,387 [INFO] PluginManager:220 - loadIPPluginJar : add freertos
2024-09-25 22:02:01,412 [INFO] IPUIPlugin:80 - create IPUIPlugin
2024-09-25 22:02:01,412 [INFO] PluginManager:220 - loadIPPluginJar : add genericplugin
2024-09-25 22:02:01,518 [INFO] IPUIPlugin:80 - create IPUIPlugin
2024-09-25 22:02:01,518 [INFO] PluginManager:220 - loadIPPluginJar : add gfxmmu
2024-09-25 22:02:01,666 [INFO] IPUIPlugin:80 - create IPUIPlugin
2024-09-25 22:02:01,667 [INFO] PluginManager:220 - loadIPPluginJar : add gic
2024-09-25 22:02:01,679 [INFO] IPUIPlugin:80 - create IPUIPlugin
2024-09-25 22:02:01,679 [INFO] PluginManager:220 - loadIPPluginJar : add gpio
2024-09-25 22:02:01,794 [INFO] IPUIPlugin:80 - create IPUIPlugin
2024-09-25 22:02:01,795 [INFO] PluginManager:220 - loadIPPluginJar : add gtzc
2024-09-25 22:02:01,832 [INFO] IPUIPlugin:80 - create IPUIPlugin
2024-09-25 22:02:01,833 [INFO] PluginManager:220 - loadIPPluginJar : add hash
2024-09-25 22:02:01,894 [INFO] IPUIPlugin:80 - create IPUIPlugin
2024-09-25 22:02:01,894 [INFO] PluginManager:220 - loadIPPluginJar : add i2c
2024-09-25 22:02:01,934 [INFO] IPUIPlugin:80 - create IPUIPlugin
2024-09-25 22:02:01,934 [INFO] PluginManager:220 - loadIPPluginJar : add i2s
2024-09-25 22:02:01,982 [INFO] IPUIPlugin:80 - create IPUIPlugin
2024-09-25 22:02:01,982 [INFO] PluginManager:220 - loadIPPluginJar : add i3c
2024-09-25 22:02:02,094 [INFO] IPUIPlugin:80 - create IPUIPlugin
2024-09-25 22:02:02,095 [INFO] PluginManager:220 - loadIPPluginJar : add ipddr
2024-09-25 22:02:02,196 [INFO] IPUIPlugin:80 - create IPUIPlugin
2024-09-25 22:02:02,197 [INFO] PluginManager:220 - loadIPPluginJar : add linkedlist
2024-09-25 22:02:02,237 [INFO] IPUIPlugin:80 - create IPUIPlugin
2024-09-25 22:02:02,237 [INFO] PluginManager:220 - loadIPPluginJar : add lorawan
2024-09-25 22:02:02,277 [INFO] IPUIPlugin:80 - create IPUIPlugin
2024-09-25 22:02:02,278 [INFO] PluginManager:220 - loadIPPluginJar : add ltdc
2024-09-25 22:02:02,291 [INFO] IPUIPlugin:80 - create IPUIPlugin
2024-09-25 22:02:02,291 [INFO] PluginManager:220 - loadIPPluginJar : add mdma
2024-09-25 22:02:02,305 [INFO] IPUIPlugin:80 - create IPUIPlugin
2024-09-25 22:02:02,305 [INFO] PluginManager:220 - loadIPPluginJar : add nvic
2024-09-25 22:02:02,342 [INFO] IPUIPlugin:80 - create IPUIPlugin
2024-09-25 22:02:02,342 [INFO] PluginManager:220 - loadIPPluginJar : add opamp
2024-09-25 22:02:02,412 [INFO] IPUIPlugin:80 - create IPUIPlugin
2024-09-25 22:02:02,412 [INFO] PluginManager:220 - loadIPPluginJar : add openamp
2024-09-25 22:02:02,476 [INFO] IPUIPlugin:80 - create IPUIPlugin
2024-09-25 22:02:02,476 [INFO] PluginManager:220 - loadIPPluginJar : add pdm2pcm
2024-09-25 22:02:02,489 [INFO] IPUIPlugin:80 - create IPUIPlugin
2024-09-25 22:02:02,493 [INFO] PluginManager:220 - loadIPPluginJar : add plateformsettings
2024-09-25 22:02:02,521 [INFO] IPUIPlugin:80 - create IPUIPlugin
2024-09-25 22:02:02,521 [INFO] PluginManager:220 - loadIPPluginJar : add quadspi
2024-09-25 22:02:02,548 [INFO] IPUIPlugin:80 - create IPUIPlugin
2024-09-25 22:02:02,549 [INFO] PluginManager:220 - loadIPPluginJar : add radio
2024-09-25 22:02:02,561 [INFO] IPUIPlugin:80 - create IPUIPlugin
2024-09-25 22:02:02,562 [INFO] PluginManager:220 - loadIPPluginJar : add resmgrutility
2024-09-25 22:02:02,623 [INFO] IPUIPlugin:80 - create IPUIPlugin
2024-09-25 22:02:02,623 [INFO] PluginManager:220 - loadIPPluginJar : add sai
2024-09-25 22:02:02,665 [INFO] IPUIPlugin:80 - create IPUIPlugin
2024-09-25 22:02:02,665 [INFO] PluginManager:220 - loadIPPluginJar : add spi
2024-09-25 22:02:02,743 [INFO] IPUIPlugin:80 - create IPUIPlugin
2024-09-25 22:02:02,743 [INFO] PluginManager:220 - loadIPPluginJar : add stm32_wpan
2024-09-25 22:02:02,769 [INFO] IPUIPlugin:80 - create IPUIPlugin
2024-09-25 22:02:02,769 [INFO] PluginManager:220 - loadIPPluginJar : add tim
2024-09-25 22:02:02,836 [INFO] IPUIPlugin:80 - create IPUIPlugin
2024-09-25 22:02:02,836 [INFO] PluginManager:220 - loadIPPluginJar : add touchsensing
2024-09-25 22:02:02,861 [INFO] IPUIPlugin:80 - create IPUIPlugin
2024-09-25 22:02:02,861 [INFO] PluginManager:220 - loadIPPluginJar : add tracer_emb
2024-09-25 22:02:02,885 [INFO] IPUIPlugin:80 - create IPUIPlugin
2024-09-25 22:02:02,885 [INFO] PluginManager:220 - loadIPPluginJar : add ts
2024-09-25 22:02:02,908 [INFO] IPUIPlugin:80 - create IPUIPlugin
2024-09-25 22:02:02,909 [INFO] PluginManager:220 - loadIPPluginJar : add tsc
2024-09-25 22:02:02,934 [INFO] IPUIPlugin:80 - create IPUIPlugin
2024-09-25 22:02:02,934 [INFO] PluginManager:220 - loadIPPluginJar : add ucpd
2024-09-25 22:02:02,980 [INFO] IPUIPlugin:80 - create IPUIPlugin
2024-09-25 22:02:02,980 [INFO] PluginManager:220 - loadIPPluginJar : add usart
2024-09-25 22:02:03,028 [INFO] IPUIPlugin:80 - create IPUIPlugin
2024-09-25 22:02:03,028 [INFO] PluginManager:220 - loadIPPluginJar : add usbx
2024-09-25 22:02:03,158 [INFO] CADModel:165 - CPN selected for project level
2024-09-25 22:02:03,158 [INFO] CADModel:114 - Register for checkConnection events
2024-09-25 22:02:03,158 [FATAL] Updater:334 - Updater called before beeing initialized
2024-09-25 22:02:03,158 [ERROR] CADModel:125 - Updater not yet initialized, retry later 
2024-09-25 22:02:03,300 [INFO] CADModel:165 - CPN selected for project level
2024-09-25 22:02:03,300 [INFO] CADModel:114 - Register for checkConnection events
2024-09-25 22:02:03,300 [FATAL] Updater:334 - Updater called before beeing initialized
2024-09-25 22:02:03,300 [ERROR] CADModel:125 - Updater not yet initialized, retry later 
2024-09-25 22:02:03,303 [FATAL] Updater:334 - Updater called before beeing initialized
2024-09-25 22:02:03,322 [INFO] ThirdPartyUpdaterWithRetryManager:70 - Updater plugin not ready yet. [2/15]
2024-09-25 22:02:03,424 [FATAL] Updater:334 - Updater called before beeing initialized
2024-09-25 22:02:03,436 [INFO] DbMcusAds:53 - JSON generation date=Mon Sep 16 16:40:22 CEST 2024 (1726497622318)
2024-09-25 22:02:03,437 [FATAL] Updater:334 - Updater called before beeing initialized
2024-09-25 22:02:03,477 [WARN] DetailPanel:346 - Failed to get advertising image, set to default
2024-09-25 22:02:03,601 [FATAL] Updater:334 - Updater called before beeing initialized
2024-09-25 22:02:03,604 [FATAL] Updater:334 - Updater called before beeing initialized
2024-09-25 22:02:03,604 [FATAL] Updater:334 - Updater called before beeing initialized
2024-09-25 22:02:03,605 [WARN] DetailPanel:346 - Failed to get advertising image, set to default
2024-09-25 22:02:03,606 [FATAL] Updater:334 - Updater called before beeing initialized
2024-09-25 22:02:03,684 [ERROR] Updater:1164 - MainUpdater not yet initialized. External WinMGr cannot be set.
2024-09-25 22:02:03,698 [INFO] Updater:1100 - Updater Version found : 6.12.0
2024-09-25 22:02:03,716 [INFO] ApplicationProperties:184 - Using Application install path: C:\ST\STM32CubeIDE_1.16.0\STM32CubeIDE\plugins\com.st.stm32cube.common.mx_6.12.0.202406281431
2024-09-25 22:02:05,294 [ERROR] LogOutputStream:75 - [STDERR_REDIRECT] Sep 25, 2024 10:02:05 PM java.util.prefs.WindowsPreferences <init>
2024-09-25 22:02:05,295 [ERROR] LogOutputStream:75 - [STDERR_REDIRECT] WARNING: Could not open/create prefs root node Software\JavaSoft\Prefs at root 0xffffffff80000002. Windows RegCreateKeyEx(...) returned error code 5.
2024-09-25 22:02:05,295 [ERROR] LogOutputStream:75 - [STDERR_REDIRECT] 
2024-09-25 22:02:05,981 [INFO] MainUpdater:2873 - connection check result : 10
2024-09-25 22:02:05,982 [INFO] MainUpdater:290 - Updater Check For Update Now.
2024-09-25 22:02:05,982 [INFO] MicroXplorer:498 - Change Database Version : DB.6.0.120
2024-09-25 22:02:06,002 [INFO] McuFinderGlobals:63 - Set McuFinder mode to 2 (CubeIDE integrated)
2024-09-25 22:02:06,009 [INFO] UserAuth:417 - Internet connection configuration mode: 1
2024-09-25 22:02:06,056 [INFO] JxBrowserEngine:152 - Initiate JxBrowser Engine with user profile folder
2024-09-25 22:02:06,219 [INFO] CheckServerUpdateThread:120 - End of CheckServer Thread
2024-09-25 22:02:06,560 [WARN] PackLoader:240 - Cannot read IP mode file for STMicroelectronics.FP-SNS-MOTENVWB1.1.4.0
2024-09-25 22:02:06,583 [WARN] PackLoader:240 - Cannot read IP mode file for STMicroelectronics.X-CUBE-SMBUS.2.1.0
2024-09-25 22:02:06,637 [WARN] PackLoader:240 - Cannot read IP mode file for STMicroelectronics.X-CUBE-AZRTOS-F7.1.1.0
2024-09-25 22:02:06,748 [WARN] PackLoader:240 - Cannot read IP mode file for STMicroelectronics.X-CUBE-MEMS1.11.0.0
2024-09-25 22:02:06,946 [WARN] PackLoader:240 - Cannot read IP mode file for STMicroelectronics.FP-SNS-FLIGHT1.5.0.2
2024-09-25 22:02:06,972 [WARN] PackLoader:240 - Cannot read IP mode file for STMicroelectronics.X-CUBE-DISPLAY.3.0.0
2024-09-25 22:02:06,995 [WARN] PackLoader:240 - Cannot read IP mode file for STMicroelectronics.X-CUBE-BLE1.7.0.0
2024-09-25 22:02:07,015 [WARN] PackLoader:240 - Cannot read IP mode file for emotas.I-CUBE-CANOPEN.1.3.0
2024-09-25 22:02:07,038 [WARN] PackLoader:240 - Cannot read IP mode file for STMicroelectronics.X-CUBE-BLEMGR.3.1.0
2024-09-25 22:02:07,057 [WARN] PackLoader:240 - Cannot read IP mode file for STMicroelectronics.FP-SNS-SMARTAG2.1.2.0
2024-09-25 22:02:07,082 [INFO] LogOutputStream:77 - [STDOUT_REDIRECT] 1 : Invalid condition id : UX_CORESTACK_Condition cause : null
2024-09-25 22:02:07,083 [INFO] LogOutputStream:77 - [STDOUT_REDIRECT] 1 : Invalid condition id : UX_CORESTACK_Condition cause : null
2024-09-25 22:02:07,085 [INFO] LogOutputStream:77 - [STDOUT_REDIRECT] 1 : Invalid condition id : UX_CORESTACK_Condition cause : null
2024-09-25 22:02:07,087 [INFO] LogOutputStream:77 - [STDOUT_REDIRECT] 1 : Invalid condition id : UX_CORESTACK_Condition cause : null
2024-09-25 22:02:07,088 [INFO] LogOutputStream:77 - [STDOUT_REDIRECT] 1 : Invalid condition id : UX_CORESTACK_Condition cause : null
2024-09-25 22:02:07,098 [WARN] PackLoader:240 - Cannot read IP mode file for STMicroelectronics.X-CUBE-AZRTOS-WL.2.0.0
2024-09-25 22:02:07,136 [WARN] PackLoader:240 - Cannot read IP mode file for STMicroelectronics.FP-SNS-MOTENV1.5.0.0
2024-09-25 22:02:07,160 [WARN] PackLoader:240 - Cannot read IP mode file for wolfSSL.I-CUBE-wolfMQTT.1.19.0
2024-09-25 22:02:07,189 [WARN] PackLoader:240 - Cannot read IP mode file for WES.I-CUBE-Cesium.1.3.0
2024-09-25 22:02:07,209 [WARN] PackLoader:240 - Cannot read IP mode file for STMicroelectronics.X-CUBE-BLE2.3.3.0
2024-09-25 22:02:07,242 [WARN] PackLoader:240 - Cannot read IP mode file for STMicroelectronics.X-CUBE-TCPP.4.1.0
2024-09-25 22:02:07,294 [WARN] PackLoader:240 - Cannot read IP mode file for STMicroelectronics.X-CUBE-AZRTOS-G0.1.1.0
2024-09-25 22:02:07,317 [WARN] PackLoader:240 - Cannot read IP mode file for STMicroelectronics.X-CUBE-SAFEA1.1.2.2
2024-09-25 22:02:07,335 [WARN] PackLoader:240 - Cannot read IP mode file for STMicroelectronics.X-CUBE-NFC4.3.0.0
2024-09-25 22:02:07,362 [WARN] PackLoader:240 - Cannot read IP mode file for EmbeddedOffice.I-CUBE-FS-RTOS.1.0.1
2024-09-25 22:02:07,363 [ERROR] ConditionMgr:805 - Attr not supported : Dmpu
2024-09-25 22:02:07,363 [ERROR] ConditionMgr:805 - Attr not supported : Dmpu
2024-09-25 22:02:07,363 [ERROR] ConditionMgr:805 - Attr not supported : Dmpu
2024-09-25 22:02:07,363 [ERROR] ConditionMgr:805 - Attr not supported : Dmpu
2024-09-25 22:02:07,363 [ERROR] ConditionMgr:805 - Attr not supported : Dmpu
2024-09-25 22:02:07,363 [ERROR] ConditionMgr:805 - Attr not supported : Dmpu
2024-09-25 22:02:07,364 [ERROR] ConditionMgr:805 - Attr not supported : Dmpu
2024-09-25 22:02:07,364 [ERROR] ConditionMgr:805 - Attr not supported : Dmpu
2024-09-25 22:02:07,364 [ERROR] ConditionMgr:805 - Attr not supported : Dmpu
2024-09-25 22:02:07,364 [ERROR] ConditionMgr:805 - Attr not supported : Dmpu
2024-09-25 22:02:07,364 [ERROR] ConditionMgr:805 - Attr not supported : Dmpu
2024-09-25 22:02:07,364 [ERROR] ConditionMgr:805 - Attr not supported : Dmpu
2024-09-25 22:02:07,364 [ERROR] ConditionMgr:805 - Attr not supported : Dmpu
2024-09-25 22:02:07,364 [ERROR] ConditionMgr:805 - Attr not supported : Dmpu
2024-09-25 22:02:07,364 [ERROR] ConditionMgr:805 - Attr not supported : Dmpu
2024-09-25 22:02:07,364 [ERROR] ConditionMgr:805 - Attr not supported : Dmpu
2024-09-25 22:02:07,364 [ERROR] ConditionMgr:805 - Attr not supported : Dmpu
2024-09-25 22:02:07,364 [ERROR] ConditionMgr:805 - Attr not supported : Dmpu
2024-09-25 22:02:07,364 [ERROR] ConditionMgr:805 - Attr not supported : Dmpu
2024-09-25 22:02:07,365 [ERROR] ConditionMgr:805 - Attr not supported : Dmpu
2024-09-25 22:02:07,365 [ERROR] ConditionMgr:805 - Attr not supported : Dmpu
2024-09-25 22:02:07,365 [ERROR] ConditionMgr:805 - Attr not supported : Dmpu
2024-09-25 22:02:07,365 [ERROR] ConditionMgr:805 - Attr not supported : Dmpu
2024-09-25 22:02:07,365 [ERROR] ConditionMgr:805 - Attr not supported : Dmpu
2024-09-25 22:02:07,365 [ERROR] ConditionMgr:805 - Attr not supported : Dmpu
2024-09-25 22:02:07,365 [ERROR] ConditionMgr:805 - Attr not supported : Dmpu
2024-09-25 22:02:07,365 [ERROR] ConditionMgr:805 - Attr not supported : Dmpu
2024-09-25 22:02:07,365 [ERROR] ConditionMgr:805 - Attr not supported : Dmpu
2024-09-25 22:02:07,365 [ERROR] ConditionMgr:805 - Attr not supported : Dmpu
2024-09-25 22:02:07,365 [ERROR] ConditionMgr:805 - Attr not supported : Dmpu
2024-09-25 22:02:07,365 [ERROR] ConditionMgr:805 - Attr not supported : Dmpu
2024-09-25 22:02:07,365 [ERROR] ConditionMgr:805 - Attr not supported : Dmpu
2024-09-25 22:02:07,366 [ERROR] ConditionMgr:805 - Attr not supported : Dmpu
2024-09-25 22:02:07,366 [ERROR] ConditionMgr:805 - Attr not supported : Dmpu
2024-09-25 22:02:07,366 [ERROR] ConditionMgr:805 - Attr not supported : Dmpu
2024-09-25 22:02:07,366 [ERROR] ConditionMgr:805 - Attr not supported : Dmpu
2024-09-25 22:02:07,366 [ERROR] ConditionMgr:805 - Attr not supported : Dmpu
2024-09-25 22:02:07,366 [ERROR] ConditionMgr:805 - Attr not supported : Dmpu
2024-09-25 22:02:07,367 [ERROR] ConditionMgr:805 - Attr not supported : Dmpu
2024-09-25 22:02:07,367 [ERROR] ConditionMgr:805 - Attr not supported : Dmpu
2024-09-25 22:02:07,367 [ERROR] ConditionMgr:805 - Attr not supported : Dmpu
2024-09-25 22:02:07,367 [ERROR] ConditionMgr:805 - Attr not supported : Dmpu
2024-09-25 22:02:07,367 [ERROR] ConditionMgr:805 - Attr not supported : Dmpu
2024-09-25 22:02:07,367 [ERROR] ConditionMgr:805 - Attr not supported : Dmpu
2024-09-25 22:02:07,367 [ERROR] ConditionMgr:805 - Attr not supported : Dmpu
2024-09-25 22:02:07,368 [ERROR] ConditionMgr:805 - Attr not supported : Dmpu
2024-09-25 22:02:07,368 [ERROR] ConditionMgr:805 - Attr not supported : Dmpu
2024-09-25 22:02:07,368 [ERROR] ConditionMgr:805 - Attr not supported : Dmpu
2024-09-25 22:02:07,368 [ERROR] ConditionMgr:805 - Attr not supported : Dmpu
2024-09-25 22:02:07,368 [ERROR] ConditionMgr:805 - Attr not supported : Dmpu
2024-09-25 22:02:07,368 [ERROR] ConditionMgr:805 - Attr not supported : Dmpu
2024-09-25 22:02:07,368 [ERROR] ConditionMgr:805 - Attr not supported : Dmpu
2024-09-25 22:02:07,368 [ERROR] ConditionMgr:805 - Attr not supported : Dmpu
2024-09-25 22:02:07,369 [ERROR] ConditionMgr:805 - Attr not supported : Dmpu
2024-09-25 22:02:07,369 [ERROR] ConditionMgr:805 - Attr not supported : Dmpu
2024-09-25 22:02:07,369 [ERROR] ConditionMgr:805 - Attr not supported : Dmpu
2024-09-25 22:02:07,369 [ERROR] ConditionMgr:805 - Attr not supported : Dmpu
2024-09-25 22:02:07,369 [ERROR] ConditionMgr:805 - Attr not supported : Dmpu
2024-09-25 22:02:07,369 [ERROR] ConditionMgr:805 - Attr not supported : Dmpu
2024-09-25 22:02:07,369 [ERROR] ConditionMgr:805 - Attr not supported : Dmpu
2024-09-25 22:02:07,369 [ERROR] ConditionMgr:805 - Attr not supported : Dmpu
2024-09-25 22:02:07,370 [ERROR] ConditionMgr:805 - Attr not supported : Dmpu
2024-09-25 22:02:07,370 [ERROR] ConditionMgr:805 - Attr not supported : Dmpu
2024-09-25 22:02:07,370 [ERROR] ConditionMgr:805 - Attr not supported : Dmpu
2024-09-25 22:02:07,391 [WARN] PackLoader:240 - Cannot read IP mode file for RealThread.X-CUBE-RT-Thread_Nano.4.1.1
2024-09-25 22:02:07,408 [WARN] PackLoader:240 - Cannot read IP mode file for STMicroelectronics.FP-ATR-SIGFOX1.3.2.0
2024-09-25 22:02:07,425 [WARN] PackLoader:240 - Cannot read IP mode file for wolfSSL.I-CUBE-wolfSSL.5.7.2
2024-09-25 22:02:07,444 [WARN] PackLoader:240 - Cannot read IP mode file for STMicroelectronics.X-CUBE-EEPRMA1.5.1.0
2024-09-25 22:02:07,470 [WARN] PackLoader:240 - Cannot read IP mode file for ITTIA_DB.I-CUBE-ITTIADB.8.9.0
2024-09-25 22:02:07,525 [WARN] PackLoader:240 - Cannot read IP mode file for SEGGER.I-CUBE-embOS.1.3.1
2024-09-25 22:02:07,626 [WARN] PackLoader:240 - Cannot read IP mode file for STMicroelectronics.X-CUBE-ALGOBUILD.1.4.0
2024-09-25 22:02:07,659 [WARN] PackLoader:240 - Cannot read IP mode file for STMicroelectronics.X-CUBE-GNSS1.6.0.0
2024-09-25 22:02:07,705 [WARN] PackLoader:240 - Cannot read IP mode file for STMicroelectronics.X-CUBE-AZRTOS-F4.1.1.0
2024-09-25 22:02:07,736 [WARN] PackLoader:240 - Cannot read IP mode file for STMicroelectronics.X-CUBE-ISPU.2.1.0
2024-09-25 22:02:07,762 [WARN] PackLoader:240 - Cannot read IP mode file for STMicroelectronics.X-CUBE-FREERTOS.1.2.0
2024-09-25 22:02:07,811 [WARN] PackLoader:240 - Cannot read IP mode file for STMicroelectronics.X-CUBE-AZRTOS-L5.2.0.0
2024-09-25 22:02:07,846 [WARN] PackLoader:240 - Cannot read IP mode file for STMicroelectronics.X-CUBE-NFC6.3.1.0
2024-09-25 22:02:07,873 [WARN] PackLoader:240 - Cannot read IP mode file for STMicroelectronics.X-CUBE-DPower.1.2.0
2024-09-25 22:02:07,894 [WARN] PackLoader:240 - Cannot read IP mode file for STMicroelectronics.X-CUBE-AI.9.0.0
2024-09-25 22:02:07,916 [WARN] PackLoader:240 - Cannot read IP mode file for STMicroelectronics.X-CUBE-NFC7.1.0.1
2024-09-25 22:02:07,942 [WARN] PackLoader:240 - Cannot read IP mode file for wolfSSL.I-CUBE-wolfTPM.3.2.0
2024-09-25 22:02:07,988 [WARN] ConditionMgr:438 - getConditionDescription Invalid condition id : LAN8742 Phy interface Condition cause : null
2024-09-25 22:02:07,990 [WARN] PackLoader:240 - Cannot read IP mode file for STMicroelectronics.X-CUBE-AZRTOS-L4.2.0.0
2024-09-25 22:02:07,992 [WARN] ConditionMgr:1039 - genDependencies : Invalid condition id : LAN8742 Phy interface Condition cause : null
2024-09-25 22:02:07,992 [WARN] ConditionMgr:1039 - genDependencies : Invalid condition id : LAN8742 Phy interface Condition cause : null
2024-09-25 22:02:07,993 [WARN] ConditionMgr:1039 - genDependencies : Invalid condition id : LAN8742 Phy interface Condition cause : null
2024-09-25 22:02:08,018 [WARN] PackLoader:240 - Cannot read IP mode file for STMicroelectronics.X-CUBE-SFXS2LP1.4.0.0
2024-09-25 22:02:08,073 [WARN] PackLoader:240 - Cannot read IP mode file for STMicroelectronics.X-CUBE-AZRTOS-H7.3.3.0
2024-09-25 22:02:08,125 [WARN] ConditionMgr:438 - getConditionDescription Invalid condition id : UX DEVICE CLASS RTOS Condition cause : null
2024-09-25 22:02:08,126 [WARN] ConditionMgr:438 - getConditionDescription Invalid condition id : UX DEVICE CLASS RTOS Condition cause : null
2024-09-25 22:02:08,128 [WARN] PackLoader:240 - Cannot read IP mode file for STMicroelectronics.X-CUBE-AZRTOS-WB.2.0.0
2024-09-25 22:02:08,129 [WARN] ConditionMgr:1039 - genDependencies : Invalid condition id : UX DEVICE CLASS RTOS Condition cause : null
2024-09-25 22:02:08,129 [WARN] ConditionMgr:1039 - genDependencies : Invalid condition id : UX DEVICE CLASS RTOS Condition cause : null
2024-09-25 22:02:08,130 [WARN] ConditionMgr:1039 - genDependencies : Invalid condition id : UX DEVICE CLASS RTOS Condition cause : null
2024-09-25 22:02:08,131 [WARN] ConditionMgr:1039 - genDependencies : Invalid condition id : UX DEVICE CLASS RTOS Condition cause : null
2024-09-25 22:02:08,131 [WARN] ConditionMgr:1039 - genDependencies : Invalid condition id : UX DEVICE CLASS RTOS Condition cause : null
2024-09-25 22:02:08,152 [WARN] PackLoader:240 - Cannot read IP mode file for STMicroelectronics.X-CUBE-GNSS1.7.0.0
2024-09-25 22:02:08,180 [WARN] PackLoader:240 - Cannot read IP mode file for STMicroelectronics.FP-SNS-STBOX1.2.0.0
2024-09-25 22:02:08,220 [WARN] PackLoader:240 - Cannot read IP mode file for STMicroelectronics.X-CUBE-SUBG2.5.0.0
2024-09-25 22:02:08,258 [WARN] PackLoader:240 - Cannot read IP mode file for Cesanta.I-CUBE-Mongoose.7.13.0
2024-09-25 22:02:08,310 [WARN] PackLoader:240 - Cannot read IP mode file for STMicroelectronics.X-CUBE-AZRTOS-G4.2.0.0
2024-09-25 22:02:08,337 [WARN] PackLoader:240 - Cannot read IP mode file for STMicroelectronics.X-CUBE-ISPU.2.0.0
2024-09-25 22:02:08,361 [WARN] PackLoader:240 - Cannot read IP mode file for STMicroelectronics.X-CUBE-ALS.1.0.2
2024-09-25 22:02:08,462 [WARN] PackLoader:240 - Cannot read IP mode file for STMicroelectronics.X-CUBE-MEMS1.10.0.0
2024-09-25 22:02:08,659 [WARN] PackLoader:240 - Cannot read IP mode file for STMicroelectronics.X-CUBE-TOUCHGFX.4.24.0
2024-09-25 22:02:08,676 [WARN] PackLoader:240 - Cannot read IP mode file for STMicroelectronics.X-CUBE-TOUCHGFX.4.24.1
2024-09-25 22:02:08,700 [WARN] PackLoader:240 - Cannot read IP mode file for portGmbH.I-Cube-SoM-uGOAL.1.1.0
2024-09-25 22:02:08,746 [WARN] PackLoader:240 - Cannot read IP mode file for STMicroelectronics.X-CUBE-AZRTOS-H7RS.1.0.0
2024-09-25 22:02:08,768 [WARN] PackLoader:240 - Cannot read IP mode file for STMicroelectronics.FP-ATR-ASTRA1.2.0.0
2024-09-25 22:02:08,804 [WARN] PackLoader:240 - Cannot read IP mode file for STMicroelectronics.X-CUBE-TOF1.3.4.2
2024-09-25 22:02:08,853 [WARN] PackLoader:240 - Cannot read IP mode file for STMicroelectronics.X-CUBE-TOF1.3.4.1
2024-09-25 22:02:08,917 [WARN] PackLoader:240 - Cannot read IP mode file for STMicroelectronics.X-CUBE-AZRTOS-H7.3.2.0
2024-09-25 22:02:08,957 [WARN] PackLoader:240 - Cannot read IP mode file for Infineon.AIROC-Wi-Fi-Bluetooth-STM32.1.6.0
2024-09-25 22:02:08,983 [WARN] PackLoader:240 - Cannot read IP mode file for wolfSSL.I-CUBE-wolfSSH.1.4.17
2024-09-25 22:02:08,984 [INFO] ThirdParty:978 - Integrity check success = true
2024-09-25 22:02:08,984 [INFO] IntegrityCheckThread:100 - exiting critical section [integrity check]
2024-09-25 22:02:08,984 [INFO] IntegrityCheckThread:103 - End integrity checks thread
2024-09-25 22:02:10,484 [INFO] WebApp:167 - Instantiating new browser for Auth
2024-09-25 22:02:11,634 [INFO] WebApp:448 - Apply proxy settings
2024-09-25 22:02:11,635 [INFO] WebApp:533 - Chromium requires no authentication
2024-09-25 22:02:11,654 [INFO] WebApp:476 - Direct internet connection detected
2024-09-25 22:02:11,699 [INFO] WebApp:869 - Register for checkConnection events
2024-09-25 22:02:11,700 [INFO] WebApp:448 - Apply proxy settings
2024-09-25 22:02:11,700 [INFO] WebApp:533 - Chromium requires no authentication
2024-09-25 22:02:11,701 [INFO] WebApp:476 - Direct internet connection detected
2024-09-25 22:02:11,952 [INFO] WebApp:220 - Starting web application
2024-09-25 22:02:11,952 [INFO] WebApp:578 - Web application path used C:\ST\STM32CubeIDE_1.16.0\STM32CubeIDE\plugins\com.st.stm32cube.common.mx_6.12.0.202406281431\db\plugins\mcufinder\reactClient1\index.html
2024-09-25 22:02:12,259 [INFO] UserAuth:417 - Internet connection configuration mode: 1
2024-09-25 22:02:12,270 [INFO] WebApp:186 - Connection restablished
2024-09-25 22:38:46,194 [INFO] WebApp:189 - Connection lost
2024-09-25 23:22:23,913 [ERROR] ConfigurationRetriever:142 - IOException on connection: sw-center.st.com
2024-09-25 23:22:23,915 [ERROR] ConfigurationRetriever:142 - IOException on connection: sw-center.st.com
2024-09-25 23:22:23,916 [ERROR] ConfigurationRetriever:142 - IOException on connection: sw-center.st.com
2024-09-25 23:27:42,413 [ERROR] ConfigurationRetriever:142 - IOException on connection: sw-center.st.com
2024-09-25 23:27:42,415 [ERROR] ConfigurationRetriever:142 - IOException on connection: sw-center.st.com
2024-09-25 23:27:42,416 [ERROR] ConfigurationRetriever:142 - IOException on connection: sw-center.st.com
2024-09-25 23:27:43,546 [ERROR] ConfigurationRetriever:142 - IOException on connection: sw-center.st.com
2024-09-25 23:27:43,547 [ERROR] ConfigurationRetriever:142 - IOException on connection: sw-center.st.com
2024-09-25 23:27:43,548 [ERROR] ConfigurationRetriever:142 - IOException on connection: sw-center.st.com
2024-09-25 23:29:07,413 [INFO] WebApp:186 - Connection restablished
2024-09-25 23:29:08,425 [INFO] WebApp:189 - Connection lost
2024-09-25 23:29:08,735 [INFO] WebApp:186 - Connection restablished
2024-09-25 23:29:11,754 [INFO] WebApp:189 - Connection lost
2024-09-25 23:29:12,024 [INFO] WebApp:186 - Connection restablished
2024-09-25 23:29:21,252 [INFO] WebApp:189 - Connection lost
2024-09-25 23:29:21,490 [INFO] WebApp:186 - Connection restablished
2024-09-25 23:57:28,738 [ERROR] LogOutputStream:75 - [STDERR_REDIRECT] 
2024-09-25 23:57:28,739 [ERROR] LogOutputStream:75 - [STDERR_REDIRECT] 
