2024-09-29 14:41:21,589 [INFO] Activator:176 - 


2024-09-29 14:41:21,607 [INFO] Activator:177 - !SESSION log4j initialized
2024-09-29 14:41:35,839 [INFO] LogOutputStream:77 - [STDOUT_REDIRECT] 
2024-09-29 14:41:48,396 [INFO] ApplicationProperties:184 - Using Application install path: C:\ST\STM32CubeIDE_1.16.0\STM32CubeIDE\plugins\com.st.stm32cube.common.mx_6.12.0.202406281431
2024-09-29 14:41:48,425 [INFO] DbMcusXml:78 - Set database path to: C:\ST\STM32CubeIDE_1.16.0\STM32CubeIDE\plugins\com.st.stm32cube.common.mx_6.12.0.202406281431\\db\/mcu/
2024-09-29 14:41:48,426 [INFO] ApiDb:274 - Set plugin database path to: C:\ST\STM32CubeIDE_1.16.0\STM32CubeIDE\plugins\com.st.stm32cube.common.mx_6.12.0.202406281431\\db\/plugins/boardmanager/
2024-09-29 14:41:48,427 [WARN] ApiDb:259 - Overriding images path with different value:  => C:\ST\STM32CubeIDE_1.16.0\STM32CubeIDE\plugins\com.st.stm32cube.common.mx_6.12.0.202406281431\\db\/plugins/mcufinder/images/
2024-09-29 14:41:48,441 [INFO] ApiDb:250 - Set database path to: C:\Users\rolni\.stmcufinder\plugins\mcufinder//mcu/
2024-09-29 14:41:48,443 [INFO] DbMcusAds:125 - Set database path to: C:\Users\rolni\.stmcufinder\plugins\mcufinder//mcu/
2024-09-29 14:41:48,453 [INFO] CrossReferenceDbSqlite:203 - Set database path to: C:\Users\rolni\.stmcufinder\plugins\mcufinder//mcu/cs/
2024-09-29 14:41:48,707 [INFO] RulesReader:64 - Compatibility file has been processed (297 Rules)
2024-09-29 14:41:48,879 [INFO] DbMcusXml:78 - Set database path to: C:\ST\STM32CubeIDE_1.16.0\STM32CubeIDE\plugins\com.st.stm32cube.common.mx_6.12.0.202406281431\\db\/mcu/
2024-09-29 14:41:48,879 [INFO] ApiDb:274 - Set plugin database path to: C:\ST\STM32CubeIDE_1.16.0\STM32CubeIDE\plugins\com.st.stm32cube.common.mx_6.12.0.202406281431\\db\/plugins/boardmanager/
2024-09-29 14:41:48,879 [INFO] ApiDb:261 - Set plugin images path to: C:\ST\STM32CubeIDE_1.16.0\STM32CubeIDE\plugins\com.st.stm32cube.common.mx_6.12.0.202406281431\\db\/plugins/mcufinder/images/
2024-09-29 14:41:48,879 [WARN] DbFile:41 - Overriding database path with different value: C:\Users\rolni\.stmcufinder\plugins\mcufinder/ => C:\Users\rolni\.stmcufinder\plugins\mcufinder
2024-09-29 14:41:48,880 [INFO] ApiDb:250 - Set database path to: C:\Users\rolni\.stmcufinder\plugins\mcufinder//mcu/
2024-09-29 14:41:48,880 [WARN] DbFile:41 - Overriding database path with different value: C:\Users\rolni\.stmcufinder\plugins\mcufinder/ => C:\Users\rolni\.stmcufinder\plugins\mcufinder
2024-09-29 14:41:48,880 [INFO] DbMcusAds:125 - Set database path to: C:\Users\rolni\.stmcufinder\plugins\mcufinder//mcu/
2024-09-29 14:41:48,880 [WARN] DbFile:41 - Overriding database path with different value: C:\Users\rolni\.stmcufinder\plugins\mcufinder/ => C:\Users\rolni\.stmcufinder\plugins\mcufinder
2024-09-29 14:41:48,880 [WARN] DbFile:41 - Overriding database path with different value: C:\Users\rolni\.stmcufinder\plugins\mcufinder/ => C:\Users\rolni\.stmcufinder\plugins\mcufinder
2024-09-29 14:41:48,880 [INFO] CrossReferenceDbSqlite:203 - Set database path to: C:\Users\rolni\.stmcufinder\plugins\mcufinder//mcu/cs/
2024-09-29 14:41:49,037 [INFO] MainPanel:268 - HeapMemory: 268435456
2024-09-29 14:41:49,255 [INFO] DbMcusXml:78 - Set database path to: C:\ST\STM32CubeIDE_1.16.0\STM32CubeIDE\plugins\com.st.stm32cube.common.mx_6.12.0.202406281431\\db\/mcu/
2024-09-29 14:41:49,256 [INFO] ApiDb:274 - Set plugin database path to: C:\ST\STM32CubeIDE_1.16.0\STM32CubeIDE\plugins\com.st.stm32cube.common.mx_6.12.0.202406281431\\db\/plugins/boardmanager/
2024-09-29 14:41:49,256 [INFO] ApiDb:261 - Set plugin images path to: C:\ST\STM32CubeIDE_1.16.0\STM32CubeIDE\plugins\com.st.stm32cube.common.mx_6.12.0.202406281431\\db\/plugins/mcufinder/images/
2024-09-29 14:41:49,257 [WARN] DbFile:41 - Overriding database path with different value: C:\Users\rolni\.stmcufinder\plugins\mcufinder/ => C:\Users\rolni\.stmcufinder\plugins\mcufinder
2024-09-29 14:41:49,257 [INFO] ApiDb:250 - Set database path to: C:\Users\rolni\.stmcufinder\plugins\mcufinder//mcu/
2024-09-29 14:41:49,257 [WARN] DbFile:41 - Overriding database path with different value: C:\Users\rolni\.stmcufinder\plugins\mcufinder/ => C:\Users\rolni\.stmcufinder\plugins\mcufinder
2024-09-29 14:41:49,258 [INFO] DbMcusAds:125 - Set database path to: C:\Users\rolni\.stmcufinder\plugins\mcufinder//mcu/
2024-09-29 14:41:49,258 [WARN] DbFile:41 - Overriding database path with different value: C:\Users\rolni\.stmcufinder\plugins\mcufinder/ => C:\Users\rolni\.stmcufinder\plugins\mcufinder
2024-09-29 14:41:49,258 [WARN] DbFile:41 - Overriding database path with different value: C:\Users\rolni\.stmcufinder\plugins\mcufinder/ => C:\Users\rolni\.stmcufinder\plugins\mcufinder
2024-09-29 14:41:49,258 [INFO] CrossReferenceDbSqlite:203 - Set database path to: C:\Users\rolni\.stmcufinder\plugins\mcufinder//mcu/cs/
2024-09-29 14:41:49,290 [INFO] ApplicationProperties:184 - Using Application install path: C:\ST\STM32CubeIDE_1.16.0\STM32CubeIDE\plugins\com.st.stm32cube.common.mx_6.12.0.202406281431
2024-09-29 14:41:49,292 [INFO] PluginManage:196 - Search for loadable plugins [exclusion list=, ]
2024-09-29 14:41:49,297 [INFO] PluginManage:310 - Check plugin analytics
2024-09-29 14:41:49,668 [INFO] AnalyticsPlugin:253 - Accepted Software Licenses: 
2024-09-29 14:41:49,669 [INFO] AnalyticsPlugin:255 - Accepted CMSIS Pack Licenses: 
2024-09-29 14:41:49,670 [INFO] AnalyticsPlugin:257 - Accepted Firmware Licenses: FW.F4.1.28.0
2024-09-29 14:41:49,679 [INFO] PluginManage:359 - Loaded plugin analytics (category:tool,tabindex:-1)
2024-09-29 14:41:49,681 [INFO] PluginManage:310 - Check plugin cadmodel
2024-09-29 14:41:49,716 [INFO] CADModel:105 - Init CAD model plugin
2024-09-29 14:41:49,717 [INFO] PluginManage:359 - Loaded plugin cadmodel (category:power,tabindex:5)
2024-09-29 14:41:49,717 [INFO] PluginManage:310 - Check plugin clock
2024-09-29 14:41:49,763 [INFO] PluginManage:359 - Loaded plugin clock (category:base,tabindex:2)
2024-09-29 14:41:49,764 [INFO] PluginManage:310 - Check plugin ddr
2024-09-29 14:41:49,771 [INFO] PluginManage:359 - Loaded plugin ddr (category:tool,tabindex:6)
2024-09-29 14:41:49,772 [INFO] PluginManage:310 - Check plugin filemanager
2024-09-29 14:41:50,046 [INFO] PluginManage:359 - Loaded plugin filemanager (category:base,tabindex:10)
2024-09-29 14:41:50,046 [INFO] PluginManage:310 - Check plugin ipmanager
2024-09-29 14:41:50,059 [INFO] PluginManage:359 - Loaded plugin ipmanager (category:base,tabindex:5)
2024-09-29 14:41:50,060 [INFO] PluginManage:310 - Check plugin lpbam
2024-09-29 14:41:50,085 [INFO] PluginManage:359 - Loaded plugin lpbam (category:base,tabindex:0)
2024-09-29 14:41:50,085 [INFO] PluginManage:310 - Check plugin memorymap
2024-09-29 14:41:50,118 [INFO] PluginManage:359 - Loaded plugin memorymap (category:base,tabindex:4)
2024-09-29 14:41:50,119 [INFO] PluginManage:310 - Check plugin pinoutandconfiguration
2024-09-29 14:41:50,141 [INFO] PluginManage:359 - Loaded plugin pinoutandconfiguration (category:base,tabindex:1)
2024-09-29 14:41:50,142 [INFO] PluginManage:310 - Check plugin pinoutconfig
2024-09-29 14:41:50,316 [WARN] SupportedApi:132 - Cannot load RTOS API schema: s4s-elt-must-match.1: The content of 'definitions' must match (annotation?, (simpleType | complexType)?, (unique | key | keyref)*)). A problem was found starting at: attribute.
2024-09-29 14:41:50,588 [INFO] PluginManage:359 - Loaded plugin pinoutconfig (category:base,tabindex:0)
2024-09-29 14:41:50,590 [INFO] PluginManage:310 - Check plugin power
2024-09-29 14:41:50,617 [INFO] PluginManage:359 - Loaded plugin power (category:power,tabindex:4)
2024-09-29 14:41:50,618 [INFO] PluginManage:310 - Check plugin projectmanager
2024-09-29 14:41:50,643 [INFO] PluginManage:359 - Loaded plugin projectmanager (category:projectmanager,tabindex:4)
2024-09-29 14:41:50,643 [INFO] PluginManage:310 - Check plugin rif
2024-09-29 14:41:50,666 [INFO] PluginManage:359 - Loaded plugin rif (category:base,tabindex:3)
2024-09-29 14:41:50,667 [INFO] PluginManage:310 - Check plugin thirdparty
2024-09-29 14:41:51,046 [INFO] PluginManage:359 - Loaded plugin thirdparty (category:base,tabindex:-1)
2024-09-29 14:41:51,046 [WARN] IntegrityCheckThread:84 - waiting for thirdparty lock release [integrity check]
2024-09-29 14:41:51,047 [INFO] PluginManage:310 - Check plugin tools
2024-09-29 14:41:51,047 [INFO] IntegrityCheckThread:86 - entering critical section [integrity check]
2024-09-29 14:41:51,048 [INFO] ThirdPartyUpdaterWithRetryManager:70 - Updater plugin not ready yet. [1/15]
2024-09-29 14:41:51,090 [INFO] PluginManage:359 - Loaded plugin tools (category:base,tabindex:7)
2024-09-29 14:41:51,091 [INFO] PluginManage:310 - Check plugin tutovideos
2024-09-29 14:41:51,445 [INFO] PluginManage:359 - Loaded plugin tutovideos (category:base,tabindex:-1)
2024-09-29 14:41:51,446 [INFO] PluginManage:310 - Check plugin updater
2024-09-29 14:41:51,472 [INFO] PluginManage:359 - Loaded plugin updater (category:base,tabindex:12)
2024-09-29 14:41:51,472 [INFO] PluginManage:310 - Check plugin userauth
2024-09-29 14:41:51,481 [INFO] UserAuth:113 - Init User Auth plugin
2024-09-29 14:41:51,482 [INFO] PluginManage:359 - Loaded plugin userauth (category:base,tabindex:14)
2024-09-29 14:41:51,482 [INFO] PluginManage:283 - PluginManage : Loaded plugins [18]
2024-09-29 14:41:51,853 [INFO] PinOutPanel:1561 - setPackage(No Configuration,No Configuration)
2024-09-29 14:41:52,044 [INFO] CADModel:165 - CPN selected for project level
2024-09-29 14:41:52,045 [INFO] CADModel:114 - Register for checkConnection events
2024-09-29 14:41:52,098 [INFO] IPUIPlugin:80 - create IPUIPlugin
2024-09-29 14:41:52,099 [INFO] PluginManager:220 - loadIPPluginJar : add adc
2024-09-29 14:41:52,161 [INFO] IPUIPlugin:80 - create IPUIPlugin
2024-09-29 14:41:52,161 [INFO] PluginManager:220 - loadIPPluginJar : add aes
2024-09-29 14:41:52,208 [INFO] IPUIPlugin:80 - create IPUIPlugin
2024-09-29 14:41:52,208 [INFO] PluginManager:220 - loadIPPluginJar : add can
2024-09-29 14:41:52,240 [INFO] IPUIPlugin:80 - create IPUIPlugin
2024-09-29 14:41:52,240 [INFO] PluginManager:220 - loadIPPluginJar : add comp
2024-09-29 14:41:52,281 [INFO] IPUIPlugin:80 - create IPUIPlugin
2024-09-29 14:41:52,282 [INFO] PluginManager:220 - loadIPPluginJar : add cryp
2024-09-29 14:41:52,305 [INFO] IPUIPlugin:80 - create IPUIPlugin
2024-09-29 14:41:52,306 [INFO] PluginManager:220 - loadIPPluginJar : add ddr_ctrl_phy
2024-09-29 14:41:52,353 [INFO] IPUIPlugin:80 - create IPUIPlugin
2024-09-29 14:41:52,353 [INFO] PluginManager:220 - loadIPPluginJar : add dfsdm
2024-09-29 14:41:52,374 [INFO] IPUIPlugin:80 - create IPUIPlugin
2024-09-29 14:41:52,375 [INFO] PluginManager:220 - loadIPPluginJar : add dma
2024-09-29 14:41:52,427 [INFO] IPUIPlugin:80 - create IPUIPlugin
2024-09-29 14:41:52,427 [INFO] PluginManager:220 - loadIPPluginJar : add dma3
2024-09-29 14:41:52,478 [INFO] IPUIPlugin:80 - create IPUIPlugin
2024-09-29 14:41:52,478 [INFO] PluginManager:220 - loadIPPluginJar : add extmemmanager
2024-09-29 14:41:52,505 [INFO] IPUIPlugin:80 - create IPUIPlugin
2024-09-29 14:41:52,505 [INFO] PluginManager:220 - loadIPPluginJar : add fatfs
2024-09-29 14:41:52,605 [INFO] IPUIPlugin:80 - create IPUIPlugin
2024-09-29 14:41:52,605 [INFO] PluginManager:220 - loadIPPluginJar : add fmc
2024-09-29 14:41:52,631 [INFO] IPUIPlugin:80 - create IPUIPlugin
2024-09-29 14:41:52,632 [INFO] PluginManager:220 - loadIPPluginJar : add freertos
2024-09-29 14:41:52,672 [INFO] IPUIPlugin:80 - create IPUIPlugin
2024-09-29 14:41:52,673 [INFO] PluginManager:220 - loadIPPluginJar : add genericplugin
2024-09-29 14:41:52,835 [INFO] IPUIPlugin:80 - create IPUIPlugin
2024-09-29 14:41:52,835 [INFO] PluginManager:220 - loadIPPluginJar : add gfxmmu
2024-09-29 14:41:53,028 [INFO] IPUIPlugin:80 - create IPUIPlugin
2024-09-29 14:41:53,028 [INFO] PluginManager:220 - loadIPPluginJar : add gic
2024-09-29 14:41:53,046 [INFO] IPUIPlugin:80 - create IPUIPlugin
2024-09-29 14:41:53,047 [INFO] PluginManager:220 - loadIPPluginJar : add gpio
2024-09-29 14:41:53,150 [INFO] IPUIPlugin:80 - create IPUIPlugin
2024-09-29 14:41:53,151 [INFO] PluginManager:220 - loadIPPluginJar : add gtzc
2024-09-29 14:41:53,189 [INFO] IPUIPlugin:80 - create IPUIPlugin
2024-09-29 14:41:53,190 [INFO] PluginManager:220 - loadIPPluginJar : add hash
2024-09-29 14:41:53,250 [INFO] IPUIPlugin:80 - create IPUIPlugin
2024-09-29 14:41:53,250 [INFO] PluginManager:220 - loadIPPluginJar : add i2c
2024-09-29 14:41:53,323 [INFO] IPUIPlugin:80 - create IPUIPlugin
2024-09-29 14:41:53,323 [INFO] PluginManager:220 - loadIPPluginJar : add i2s
2024-09-29 14:41:53,399 [INFO] IPUIPlugin:80 - create IPUIPlugin
2024-09-29 14:41:53,400 [INFO] PluginManager:220 - loadIPPluginJar : add i3c
2024-09-29 14:41:53,548 [INFO] IPUIPlugin:80 - create IPUIPlugin
2024-09-29 14:41:53,548 [INFO] PluginManager:220 - loadIPPluginJar : add ipddr
2024-09-29 14:41:53,656 [INFO] IPUIPlugin:80 - create IPUIPlugin
2024-09-29 14:41:53,656 [INFO] PluginManager:220 - loadIPPluginJar : add linkedlist
2024-09-29 14:41:53,726 [INFO] IPUIPlugin:80 - create IPUIPlugin
2024-09-29 14:41:53,727 [INFO] PluginManager:220 - loadIPPluginJar : add lorawan
2024-09-29 14:41:53,783 [INFO] IPUIPlugin:80 - create IPUIPlugin
2024-09-29 14:41:53,783 [INFO] PluginManager:220 - loadIPPluginJar : add ltdc
2024-09-29 14:41:53,805 [INFO] IPUIPlugin:80 - create IPUIPlugin
2024-09-29 14:41:53,805 [INFO] PluginManager:220 - loadIPPluginJar : add mdma
2024-09-29 14:41:53,826 [INFO] IPUIPlugin:80 - create IPUIPlugin
2024-09-29 14:41:53,827 [INFO] PluginManager:220 - loadIPPluginJar : add nvic
2024-09-29 14:41:53,887 [INFO] IPUIPlugin:80 - create IPUIPlugin
2024-09-29 14:41:53,887 [INFO] PluginManager:220 - loadIPPluginJar : add opamp
2024-09-29 14:41:53,958 [INFO] IPUIPlugin:80 - create IPUIPlugin
2024-09-29 14:41:53,959 [INFO] PluginManager:220 - loadIPPluginJar : add openamp
2024-09-29 14:41:54,036 [INFO] IPUIPlugin:80 - create IPUIPlugin
2024-09-29 14:41:54,037 [INFO] PluginManager:220 - loadIPPluginJar : add pdm2pcm
2024-09-29 14:41:54,053 [INFO] IPUIPlugin:80 - create IPUIPlugin
2024-09-29 14:41:54,055 [INFO] PluginManager:220 - loadIPPluginJar : add plateformsettings
2024-09-29 14:41:54,060 [INFO] ThirdPartyUpdaterWithRetryManager:70 - Updater plugin not ready yet. [2/15]
2024-09-29 14:41:54,087 [INFO] IPUIPlugin:80 - create IPUIPlugin
2024-09-29 14:41:54,087 [INFO] PluginManager:220 - loadIPPluginJar : add quadspi
2024-09-29 14:41:54,128 [INFO] IPUIPlugin:80 - create IPUIPlugin
2024-09-29 14:41:54,130 [INFO] PluginManager:220 - loadIPPluginJar : add radio
2024-09-29 14:41:54,151 [INFO] IPUIPlugin:80 - create IPUIPlugin
2024-09-29 14:41:54,151 [INFO] PluginManager:220 - loadIPPluginJar : add resmgrutility
2024-09-29 14:41:54,229 [INFO] IPUIPlugin:80 - create IPUIPlugin
2024-09-29 14:41:54,229 [INFO] PluginManager:220 - loadIPPluginJar : add sai
2024-09-29 14:41:54,280 [INFO] IPUIPlugin:80 - create IPUIPlugin
2024-09-29 14:41:54,280 [INFO] PluginManager:220 - loadIPPluginJar : add spi
2024-09-29 14:41:54,388 [INFO] IPUIPlugin:80 - create IPUIPlugin
2024-09-29 14:41:54,388 [INFO] PluginManager:220 - loadIPPluginJar : add stm32_wpan
2024-09-29 14:41:54,417 [INFO] IPUIPlugin:80 - create IPUIPlugin
2024-09-29 14:41:54,417 [INFO] PluginManager:220 - loadIPPluginJar : add tim
2024-09-29 14:41:54,525 [INFO] IPUIPlugin:80 - create IPUIPlugin
2024-09-29 14:41:54,525 [INFO] PluginManager:220 - loadIPPluginJar : add touchsensing
2024-09-29 14:41:54,570 [INFO] IPUIPlugin:80 - create IPUIPlugin
2024-09-29 14:41:54,570 [INFO] PluginManager:220 - loadIPPluginJar : add tracer_emb
2024-09-29 14:41:54,597 [INFO] IPUIPlugin:80 - create IPUIPlugin
2024-09-29 14:41:54,597 [INFO] PluginManager:220 - loadIPPluginJar : add ts
2024-09-29 14:41:54,626 [INFO] IPUIPlugin:80 - create IPUIPlugin
2024-09-29 14:41:54,627 [INFO] PluginManager:220 - loadIPPluginJar : add tsc
2024-09-29 14:41:54,674 [INFO] IPUIPlugin:80 - create IPUIPlugin
2024-09-29 14:41:54,674 [INFO] PluginManager:220 - loadIPPluginJar : add ucpd
2024-09-29 14:41:54,749 [INFO] IPUIPlugin:80 - create IPUIPlugin
2024-09-29 14:41:54,749 [INFO] PluginManager:220 - loadIPPluginJar : add usart
2024-09-29 14:41:54,803 [INFO] IPUIPlugin:80 - create IPUIPlugin
2024-09-29 14:41:54,803 [INFO] PluginManager:220 - loadIPPluginJar : add usbx
2024-09-29 14:41:54,998 [INFO] CADModel:165 - CPN selected for project level
2024-09-29 14:41:54,999 [INFO] CADModel:114 - Register for checkConnection events
2024-09-29 14:41:54,999 [FATAL] Updater:334 - Updater called before beeing initialized
2024-09-29 14:41:55,000 [ERROR] CADModel:125 - Updater not yet initialized, retry later 
2024-09-29 14:41:55,290 [INFO] CADModel:165 - CPN selected for project level
2024-09-29 14:41:55,290 [INFO] CADModel:114 - Register for checkConnection events
2024-09-29 14:41:55,291 [FATAL] Updater:334 - Updater called before beeing initialized
2024-09-29 14:41:55,291 [ERROR] CADModel:125 - Updater not yet initialized, retry later 
2024-09-29 14:41:55,299 [FATAL] Updater:334 - Updater called before beeing initialized
2024-09-29 14:41:55,496 [FATAL] Updater:334 - Updater called before beeing initialized
2024-09-29 14:41:55,511 [INFO] DbMcusAds:53 - JSON generation date=Mon Sep 16 16:40:22 CEST 2024 (1726497622318)
2024-09-29 14:41:55,512 [FATAL] Updater:334 - Updater called before beeing initialized
2024-09-29 14:41:55,575 [WARN] DetailPanel:346 - Failed to get advertising image, set to default
2024-09-29 14:41:55,688 [FATAL] Updater:334 - Updater called before beeing initialized
2024-09-29 14:41:55,691 [FATAL] Updater:334 - Updater called before beeing initialized
2024-09-29 14:41:55,691 [FATAL] Updater:334 - Updater called before beeing initialized
2024-09-29 14:41:55,691 [WARN] DetailPanel:346 - Failed to get advertising image, set to default
2024-09-29 14:41:55,692 [FATAL] Updater:334 - Updater called before beeing initialized
2024-09-29 14:41:55,799 [ERROR] Updater:1164 - MainUpdater not yet initialized. External WinMGr cannot be set.
2024-09-29 14:41:55,812 [INFO] Updater:1100 - Updater Version found : 6.12.0
2024-09-29 14:41:55,842 [INFO] ApplicationProperties:184 - Using Application install path: C:\ST\STM32CubeIDE_1.16.0\STM32CubeIDE\plugins\com.st.stm32cube.common.mx_6.12.0.202406281431
2024-09-29 14:41:57,074 [INFO] ThirdPartyUpdaterWithRetryManager:70 - Updater plugin not ready yet. [3/15]
2024-09-29 14:41:57,463 [ERROR] LogOutputStream:75 - [STDERR_REDIRECT] Sep 29, 2024 2:41:57 PM java.util.prefs.WindowsPreferences <init>
2024-09-29 14:41:57,469 [ERROR] LogOutputStream:75 - [STDERR_REDIRECT] WARNING: Could not open/create prefs root node Software\JavaSoft\Prefs at root 0xffffffff80000002. Windows RegCreateKeyEx(...) returned error code 5.
2024-09-29 14:41:57,470 [ERROR] LogOutputStream:75 - [STDERR_REDIRECT] 
2024-09-29 14:41:58,310 [INFO] MainUpdater:2873 - connection check result : 10
2024-09-29 14:41:58,311 [INFO] MainUpdater:3567 - Updater definition file requires update
2024-09-29 14:41:58,313 [INFO] MainUpdater:290 - Updater Check For Update Now.
2024-09-29 14:41:58,314 [INFO] MicroXplorer:498 - Change Database Version : DB.6.0.120
2024-09-29 14:41:58,339 [INFO] McuFinderGlobals:63 - Set McuFinder mode to 2 (CubeIDE integrated)
2024-09-29 14:41:58,345 [INFO] UserAuth:417 - Internet connection configuration mode: 1
2024-09-29 14:41:58,395 [INFO] JxBrowserEngine:152 - Initiate JxBrowser Engine with user profile folder
2024-09-29 14:41:58,661 [INFO] ServerAccessManage:473 - Download File updaters.zip
2024-09-29 14:41:59,047 [INFO] FileExtend:240 - Unzip File : updaters.zip
2024-09-29 14:41:59,047 [INFO] FileExtend:255 - Standard Zip Deflate
2024-09-29 14:42:00,092 [WARN] MainUpdater:1194 - Updater busy. Cannot search thirdparties
2024-09-29 14:42:00,096 [INFO] ThirdPartyUpdaterWithRetryManager:96 - Updater plugin is busy. [1/15]
2024-09-29 14:42:00,229 [INFO] ServerAccessManage:473 - Download File PacksControlFlags.xml
2024-09-29 14:42:00,521 [INFO] ServerAccessManage:473 - Download File cubemx.pidx
2024-09-29 14:42:02,052 [INFO] ServerAccessManage:473 - Download File STMicroelectronics.X-CUBE-NFC9.pdsc
2024-09-29 14:42:02,533 [INFO] ServerAccessManage:473 - Download File STMicroelectronics.X-CUBE-NFC10.pdsc
2024-09-29 14:42:02,912 [INFO] WebApp:167 - Instantiating new browser for Auth
2024-09-29 14:42:03,115 [WARN] MainUpdater:1194 - Updater busy. Cannot search thirdparties
2024-09-29 14:42:03,119 [INFO] ThirdPartyUpdaterWithRetryManager:96 - Updater plugin is busy. [2/15]
2024-09-29 14:42:04,296 [WARN] PackLoader:240 - Cannot read IP mode file for STMicroelectronics.X-CUBE-NFC9.1.0.0
2024-09-29 14:42:04,332 [WARN] PackLoader:240 - Cannot read IP mode file for STMicroelectronics.X-CUBE-NFC10.1.0.0
2024-09-29 14:42:04,338 [INFO] PopulateThirdPartyThread:66 - Ending populate Thread
2024-09-29 14:42:04,341 [INFO] ThirdParty:1030 - CMSIS Pack Vendor :STMicroelectronics X-CUBE-NFC9 1.0.0
2024-09-29 14:42:04,341 [INFO] ThirdParty:1030 - CMSIS Pack Vendor :STMicroelectronics X-CUBE-NFC10 1.0.0
2024-09-29 14:42:04,342 [INFO] LoadServerUpdatesThread:375 - End of LoadServerUpdate Thread
2024-09-29 14:42:04,582 [INFO] WebApp:448 - Apply proxy settings
2024-09-29 14:42:04,583 [INFO] WebApp:533 - Chromium requires no authentication
2024-09-29 14:42:04,597 [INFO] CheckServerUpdateThread:120 - End of CheckServer Thread
2024-09-29 14:42:04,600 [INFO] WebApp:476 - Direct internet connection detected
2024-09-29 14:42:04,643 [INFO] WebApp:869 - Register for checkConnection events
2024-09-29 14:42:04,643 [INFO] WebApp:448 - Apply proxy settings
2024-09-29 14:42:04,643 [INFO] WebApp:533 - Chromium requires no authentication
2024-09-29 14:42:04,644 [INFO] WebApp:476 - Direct internet connection detected
2024-09-29 14:42:05,004 [INFO] WebApp:220 - Starting web application
2024-09-29 14:42:05,005 [INFO] WebApp:578 - Web application path used C:\ST\STM32CubeIDE_1.16.0\STM32CubeIDE\plugins\com.st.stm32cube.common.mx_6.12.0.202406281431\db\plugins\mcufinder\reactClient1\index.html
2024-09-29 14:42:05,198 [INFO] WebApp:186 - Connection restablished
2024-09-29 14:42:05,267 [INFO] UserAuth:417 - Internet connection configuration mode: 1
2024-09-29 14:42:06,804 [WARN] PackLoader:240 - Cannot read IP mode file for STMicroelectronics.FP-SNS-MOTENVWB1.1.4.0
2024-09-29 14:42:06,838 [WARN] PackLoader:240 - Cannot read IP mode file for STMicroelectronics.X-CUBE-SMBUS.2.1.0
2024-09-29 14:42:06,921 [WARN] PackLoader:240 - Cannot read IP mode file for STMicroelectronics.X-CUBE-AZRTOS-F7.1.1.0
2024-09-29 14:42:07,143 [WARN] PackLoader:240 - Cannot read IP mode file for STMicroelectronics.X-CUBE-MEMS1.11.0.0
2024-09-29 14:42:07,663 [WARN] PackLoader:240 - Cannot read IP mode file for STMicroelectronics.FP-SNS-FLIGHT1.5.0.2
2024-09-29 14:42:07,703 [WARN] PackLoader:240 - Cannot read IP mode file for STMicroelectronics.X-CUBE-DISPLAY.3.0.0
2024-09-29 14:42:07,763 [WARN] PackLoader:240 - Cannot read IP mode file for STMicroelectronics.X-CUBE-BLE1.7.0.0
2024-09-29 14:42:07,782 [WARN] PackLoader:240 - Cannot read IP mode file for STMicroelectronics.X-CUBE-NFC10.1.0.0
2024-09-29 14:42:07,826 [WARN] PackLoader:240 - Cannot read IP mode file for emotas.I-CUBE-CANOPEN.1.3.0
2024-09-29 14:42:07,862 [WARN] PackLoader:240 - Cannot read IP mode file for STMicroelectronics.X-CUBE-BLEMGR.3.1.0
2024-09-29 14:42:07,910 [WARN] PackLoader:240 - Cannot read IP mode file for STMicroelectronics.FP-SNS-SMARTAG2.1.2.0
2024-09-29 14:42:07,972 [INFO] LogOutputStream:77 - [STDOUT_REDIRECT] 1 : Invalid condition id : UX_CORESTACK_Condition cause : null
2024-09-29 14:42:07,973 [INFO] LogOutputStream:77 - [STDOUT_REDIRECT] 1 : Invalid condition id : UX_CORESTACK_Condition cause : null
2024-09-29 14:42:07,975 [INFO] LogOutputStream:77 - [STDOUT_REDIRECT] 1 : Invalid condition id : UX_CORESTACK_Condition cause : null
2024-09-29 14:42:07,977 [INFO] LogOutputStream:77 - [STDOUT_REDIRECT] 1 : Invalid condition id : UX_CORESTACK_Condition cause : null
2024-09-29 14:42:07,983 [INFO] LogOutputStream:77 - [STDOUT_REDIRECT] 1 : Invalid condition id : UX_CORESTACK_Condition cause : null
2024-09-29 14:42:07,989 [WARN] PackLoader:240 - Cannot read IP mode file for STMicroelectronics.X-CUBE-AZRTOS-WL.2.0.0
2024-09-29 14:42:08,026 [WARN] PackLoader:240 - Cannot read IP mode file for STMicroelectronics.FP-SNS-MOTENV1.5.0.0
2024-09-29 14:42:08,040 [WARN] PackLoader:240 - Cannot read IP mode file for wolfSSL.I-CUBE-wolfMQTT.1.19.0
2024-09-29 14:42:08,079 [WARN] PackLoader:240 - Cannot read IP mode file for WES.I-CUBE-Cesium.1.3.0
2024-09-29 14:42:08,112 [WARN] PackLoader:240 - Cannot read IP mode file for STMicroelectronics.X-CUBE-BLE2.3.3.0
2024-09-29 14:42:08,131 [WARN] PackLoader:240 - Cannot read IP mode file for STMicroelectronics.X-CUBE-NFC9.1.0.0
2024-09-29 14:42:08,171 [WARN] PackLoader:240 - Cannot read IP mode file for STMicroelectronics.X-CUBE-TCPP.4.1.0
2024-09-29 14:42:08,250 [WARN] PackLoader:240 - Cannot read IP mode file for STMicroelectronics.X-CUBE-AZRTOS-G0.1.1.0
2024-09-29 14:42:08,296 [WARN] PackLoader:240 - Cannot read IP mode file for STMicroelectronics.X-CUBE-SAFEA1.1.2.2
2024-09-29 14:42:08,339 [WARN] PackLoader:240 - Cannot read IP mode file for STMicroelectronics.X-CUBE-NFC4.3.0.0
2024-09-29 14:42:08,389 [WARN] PackLoader:240 - Cannot read IP mode file for EmbeddedOffice.I-CUBE-FS-RTOS.1.0.1
2024-09-29 14:42:08,390 [ERROR] ConditionMgr:805 - Attr not supported : Dmpu
2024-09-29 14:42:08,391 [ERROR] ConditionMgr:805 - Attr not supported : Dmpu
2024-09-29 14:42:08,392 [ERROR] ConditionMgr:805 - Attr not supported : Dmpu
2024-09-29 14:42:08,392 [ERROR] ConditionMgr:805 - Attr not supported : Dmpu
2024-09-29 14:42:08,392 [ERROR] ConditionMgr:805 - Attr not supported : Dmpu
2024-09-29 14:42:08,392 [ERROR] ConditionMgr:805 - Attr not supported : Dmpu
2024-09-29 14:42:08,393 [ERROR] ConditionMgr:805 - Attr not supported : Dmpu
2024-09-29 14:42:08,393 [ERROR] ConditionMgr:805 - Attr not supported : Dmpu
2024-09-29 14:42:08,393 [ERROR] ConditionMgr:805 - Attr not supported : Dmpu
2024-09-29 14:42:08,393 [ERROR] ConditionMgr:805 - Attr not supported : Dmpu
2024-09-29 14:42:08,393 [ERROR] ConditionMgr:805 - Attr not supported : Dmpu
2024-09-29 14:42:08,395 [ERROR] ConditionMgr:805 - Attr not supported : Dmpu
2024-09-29 14:42:08,395 [ERROR] ConditionMgr:805 - Attr not supported : Dmpu
2024-09-29 14:42:08,396 [ERROR] ConditionMgr:805 - Attr not supported : Dmpu
2024-09-29 14:42:08,396 [ERROR] ConditionMgr:805 - Attr not supported : Dmpu
2024-09-29 14:42:08,397 [ERROR] ConditionMgr:805 - Attr not supported : Dmpu
2024-09-29 14:42:08,397 [ERROR] ConditionMgr:805 - Attr not supported : Dmpu
2024-09-29 14:42:08,397 [ERROR] ConditionMgr:805 - Attr not supported : Dmpu
2024-09-29 14:42:08,397 [ERROR] ConditionMgr:805 - Attr not supported : Dmpu
2024-09-29 14:42:08,397 [ERROR] ConditionMgr:805 - Attr not supported : Dmpu
2024-09-29 14:42:08,398 [ERROR] ConditionMgr:805 - Attr not supported : Dmpu
2024-09-29 14:42:08,398 [ERROR] ConditionMgr:805 - Attr not supported : Dmpu
2024-09-29 14:42:08,398 [ERROR] ConditionMgr:805 - Attr not supported : Dmpu
2024-09-29 14:42:08,398 [ERROR] ConditionMgr:805 - Attr not supported : Dmpu
2024-09-29 14:42:08,398 [ERROR] ConditionMgr:805 - Attr not supported : Dmpu
2024-09-29 14:42:08,398 [ERROR] ConditionMgr:805 - Attr not supported : Dmpu
2024-09-29 14:42:08,398 [ERROR] ConditionMgr:805 - Attr not supported : Dmpu
2024-09-29 14:42:08,399 [ERROR] ConditionMgr:805 - Attr not supported : Dmpu
2024-09-29 14:42:08,399 [ERROR] ConditionMgr:805 - Attr not supported : Dmpu
2024-09-29 14:42:08,399 [ERROR] ConditionMgr:805 - Attr not supported : Dmpu
2024-09-29 14:42:08,399 [ERROR] ConditionMgr:805 - Attr not supported : Dmpu
2024-09-29 14:42:08,399 [ERROR] ConditionMgr:805 - Attr not supported : Dmpu
2024-09-29 14:42:08,399 [ERROR] ConditionMgr:805 - Attr not supported : Dmpu
2024-09-29 14:42:08,399 [ERROR] ConditionMgr:805 - Attr not supported : Dmpu
2024-09-29 14:42:08,399 [ERROR] ConditionMgr:805 - Attr not supported : Dmpu
2024-09-29 14:42:08,399 [ERROR] ConditionMgr:805 - Attr not supported : Dmpu
2024-09-29 14:42:08,400 [ERROR] ConditionMgr:805 - Attr not supported : Dmpu
2024-09-29 14:42:08,400 [ERROR] ConditionMgr:805 - Attr not supported : Dmpu
2024-09-29 14:42:08,400 [ERROR] ConditionMgr:805 - Attr not supported : Dmpu
2024-09-29 14:42:08,400 [ERROR] ConditionMgr:805 - Attr not supported : Dmpu
2024-09-29 14:42:08,400 [ERROR] ConditionMgr:805 - Attr not supported : Dmpu
2024-09-29 14:42:08,400 [ERROR] ConditionMgr:805 - Attr not supported : Dmpu
2024-09-29 14:42:08,400 [ERROR] ConditionMgr:805 - Attr not supported : Dmpu
2024-09-29 14:42:08,400 [ERROR] ConditionMgr:805 - Attr not supported : Dmpu
2024-09-29 14:42:08,401 [ERROR] ConditionMgr:805 - Attr not supported : Dmpu
2024-09-29 14:42:08,401 [ERROR] ConditionMgr:805 - Attr not supported : Dmpu
2024-09-29 14:42:08,401 [ERROR] ConditionMgr:805 - Attr not supported : Dmpu
2024-09-29 14:42:08,401 [ERROR] ConditionMgr:805 - Attr not supported : Dmpu
2024-09-29 14:42:08,401 [ERROR] ConditionMgr:805 - Attr not supported : Dmpu
2024-09-29 14:42:08,401 [ERROR] ConditionMgr:805 - Attr not supported : Dmpu
2024-09-29 14:42:08,401 [ERROR] ConditionMgr:805 - Attr not supported : Dmpu
2024-09-29 14:42:08,402 [ERROR] ConditionMgr:805 - Attr not supported : Dmpu
2024-09-29 14:42:08,402 [ERROR] ConditionMgr:805 - Attr not supported : Dmpu
2024-09-29 14:42:08,402 [ERROR] ConditionMgr:805 - Attr not supported : Dmpu
2024-09-29 14:42:08,402 [ERROR] ConditionMgr:805 - Attr not supported : Dmpu
2024-09-29 14:42:08,403 [ERROR] ConditionMgr:805 - Attr not supported : Dmpu
2024-09-29 14:42:08,403 [ERROR] ConditionMgr:805 - Attr not supported : Dmpu
2024-09-29 14:42:08,403 [ERROR] ConditionMgr:805 - Attr not supported : Dmpu
2024-09-29 14:42:08,403 [ERROR] ConditionMgr:805 - Attr not supported : Dmpu
2024-09-29 14:42:08,404 [ERROR] ConditionMgr:805 - Attr not supported : Dmpu
2024-09-29 14:42:08,404 [ERROR] ConditionMgr:805 - Attr not supported : Dmpu
2024-09-29 14:42:08,404 [ERROR] ConditionMgr:805 - Attr not supported : Dmpu
2024-09-29 14:42:08,405 [ERROR] ConditionMgr:805 - Attr not supported : Dmpu
2024-09-29 14:42:08,405 [ERROR] ConditionMgr:805 - Attr not supported : Dmpu
2024-09-29 14:42:08,445 [WARN] PackLoader:240 - Cannot read IP mode file for RealThread.X-CUBE-RT-Thread_Nano.4.1.1
2024-09-29 14:42:08,463 [WARN] PackLoader:240 - Cannot read IP mode file for STMicroelectronics.FP-ATR-SIGFOX1.3.2.0
2024-09-29 14:42:08,492 [WARN] PackLoader:240 - Cannot read IP mode file for wolfSSL.I-CUBE-wolfSSL.5.7.2
2024-09-29 14:42:08,538 [WARN] PackLoader:240 - Cannot read IP mode file for STMicroelectronics.X-CUBE-EEPRMA1.5.1.0
2024-09-29 14:42:08,579 [WARN] PackLoader:240 - Cannot read IP mode file for ITTIA_DB.I-CUBE-ITTIADB.8.9.0
2024-09-29 14:42:08,697 [WARN] PackLoader:240 - Cannot read IP mode file for SEGGER.I-CUBE-embOS.1.3.1
2024-09-29 14:42:08,848 [WARN] PackLoader:240 - Cannot read IP mode file for STMicroelectronics.X-CUBE-ALGOBUILD.1.4.0
2024-09-29 14:42:08,884 [WARN] PackLoader:240 - Cannot read IP mode file for STMicroelectronics.X-CUBE-GNSS1.6.0.0
2024-09-29 14:42:08,961 [WARN] PackLoader:240 - Cannot read IP mode file for STMicroelectronics.X-CUBE-AZRTOS-F4.1.1.0
2024-09-29 14:42:09,000 [WARN] PackLoader:240 - Cannot read IP mode file for STMicroelectronics.X-CUBE-ISPU.2.1.0
2024-09-29 14:42:09,034 [WARN] PackLoader:240 - Cannot read IP mode file for STMicroelectronics.X-CUBE-FREERTOS.1.2.0
2024-09-29 14:42:09,108 [WARN] PackLoader:240 - Cannot read IP mode file for STMicroelectronics.X-CUBE-AZRTOS-L5.2.0.0
2024-09-29 14:42:09,144 [WARN] PackLoader:240 - Cannot read IP mode file for STMicroelectronics.X-CUBE-NFC6.3.1.0
2024-09-29 14:42:09,176 [WARN] PackLoader:240 - Cannot read IP mode file for STMicroelectronics.X-CUBE-DPower.1.2.0
2024-09-29 14:42:09,213 [WARN] PackLoader:240 - Cannot read IP mode file for STMicroelectronics.X-CUBE-AI.9.0.0
2024-09-29 14:42:09,247 [WARN] PackLoader:240 - Cannot read IP mode file for STMicroelectronics.X-CUBE-NFC7.1.0.1
2024-09-29 14:42:09,261 [WARN] PackLoader:240 - Cannot read IP mode file for wolfSSL.I-CUBE-wolfTPM.3.2.0
2024-09-29 14:42:09,348 [WARN] ConditionMgr:438 - getConditionDescription Invalid condition id : LAN8742 Phy interface Condition cause : null
2024-09-29 14:42:09,349 [WARN] PackLoader:240 - Cannot read IP mode file for STMicroelectronics.X-CUBE-AZRTOS-L4.2.0.0
2024-09-29 14:42:09,351 [WARN] ConditionMgr:1039 - genDependencies : Invalid condition id : LAN8742 Phy interface Condition cause : null
2024-09-29 14:42:09,352 [WARN] ConditionMgr:1039 - genDependencies : Invalid condition id : LAN8742 Phy interface Condition cause : null
2024-09-29 14:42:09,353 [WARN] ConditionMgr:1039 - genDependencies : Invalid condition id : LAN8742 Phy interface Condition cause : null
2024-09-29 14:42:09,389 [WARN] PackLoader:240 - Cannot read IP mode file for STMicroelectronics.X-CUBE-SFXS2LP1.4.0.0
2024-09-29 14:42:09,484 [WARN] PackLoader:240 - Cannot read IP mode file for STMicroelectronics.X-CUBE-AZRTOS-H7.3.3.0
2024-09-29 14:42:09,559 [WARN] ConditionMgr:438 - getConditionDescription Invalid condition id : UX DEVICE CLASS RTOS Condition cause : null
2024-09-29 14:42:09,559 [WARN] ConditionMgr:438 - getConditionDescription Invalid condition id : UX DEVICE CLASS RTOS Condition cause : null
2024-09-29 14:42:09,567 [WARN] PackLoader:240 - Cannot read IP mode file for STMicroelectronics.X-CUBE-AZRTOS-WB.2.0.0
2024-09-29 14:42:09,568 [WARN] ConditionMgr:1039 - genDependencies : Invalid condition id : UX DEVICE CLASS RTOS Condition cause : null
2024-09-29 14:42:09,569 [WARN] ConditionMgr:1039 - genDependencies : Invalid condition id : UX DEVICE CLASS RTOS Condition cause : null
2024-09-29 14:42:09,570 [WARN] ConditionMgr:1039 - genDependencies : Invalid condition id : UX DEVICE CLASS RTOS Condition cause : null
2024-09-29 14:42:09,571 [WARN] ConditionMgr:1039 - genDependencies : Invalid condition id : UX DEVICE CLASS RTOS Condition cause : null
2024-09-29 14:42:09,571 [WARN] ConditionMgr:1039 - genDependencies : Invalid condition id : UX DEVICE CLASS RTOS Condition cause : null
2024-09-29 14:42:09,614 [WARN] PackLoader:240 - Cannot read IP mode file for STMicroelectronics.X-CUBE-GNSS1.7.0.0
2024-09-29 14:42:09,647 [WARN] PackLoader:240 - Cannot read IP mode file for STMicroelectronics.FP-SNS-STBOX1.2.0.0
2024-09-29 14:42:09,692 [WARN] PackLoader:240 - Cannot read IP mode file for STMicroelectronics.X-CUBE-SUBG2.5.0.0
2024-09-29 14:42:09,713 [WARN] PackLoader:240 - Cannot read IP mode file for Cesanta.I-CUBE-Mongoose.7.13.0
2024-09-29 14:42:09,759 [WARN] PackLoader:240 - Cannot read IP mode file for STMicroelectronics.X-CUBE-AZRTOS-G4.2.0.0
2024-09-29 14:42:09,795 [WARN] PackLoader:240 - Cannot read IP mode file for STMicroelectronics.X-CUBE-ISPU.2.0.0
2024-09-29 14:42:09,818 [WARN] PackLoader:240 - Cannot read IP mode file for STMicroelectronics.X-CUBE-ALS.1.0.2
2024-09-29 14:42:09,958 [WARN] PackLoader:240 - Cannot read IP mode file for STMicroelectronics.X-CUBE-MEMS1.10.0.0
2024-09-29 14:42:10,267 [WARN] PackLoader:240 - Cannot read IP mode file for STMicroelectronics.X-CUBE-TOUCHGFX.4.24.0
2024-09-29 14:42:10,290 [WARN] PackLoader:240 - Cannot read IP mode file for STMicroelectronics.X-CUBE-TOUCHGFX.4.24.1
2024-09-29 14:42:10,324 [WARN] PackLoader:240 - Cannot read IP mode file for portGmbH.I-Cube-SoM-uGOAL.1.1.0
2024-09-29 14:42:10,400 [WARN] PackLoader:240 - Cannot read IP mode file for STMicroelectronics.X-CUBE-AZRTOS-H7RS.1.0.0
2024-09-29 14:42:10,427 [WARN] PackLoader:240 - Cannot read IP mode file for STMicroelectronics.FP-ATR-ASTRA1.2.0.0
2024-09-29 14:42:10,474 [WARN] PackLoader:240 - Cannot read IP mode file for STMicroelectronics.X-CUBE-TOF1.3.4.2
2024-09-29 14:42:10,544 [WARN] PackLoader:240 - Cannot read IP mode file for STMicroelectronics.X-CUBE-TOF1.3.4.1
2024-09-29 14:42:10,666 [WARN] PackLoader:240 - Cannot read IP mode file for STMicroelectronics.X-CUBE-AZRTOS-H7.3.2.0
2024-09-29 14:42:10,747 [WARN] PackLoader:240 - Cannot read IP mode file for Infineon.AIROC-Wi-Fi-Bluetooth-STM32.1.6.0
2024-09-29 14:42:10,790 [WARN] PackLoader:240 - Cannot read IP mode file for wolfSSL.I-CUBE-wolfSSH.1.4.17
2024-09-29 14:42:10,792 [INFO] ThirdParty:978 - Integrity check success = true
2024-09-29 14:42:10,792 [INFO] IntegrityCheckThread:100 - exiting critical section [integrity check]
2024-09-29 14:42:10,792 [INFO] IntegrityCheckThread:103 - End integrity checks thread
2024-09-29 17:02:10,956 [INFO] WebApp:189 - Connection lost
2024-09-29 17:25:14,460 [ERROR] ConfigurationRetriever:142 - IOException on connection: sw-center.st.com
2024-09-29 17:25:14,470 [ERROR] ConfigurationRetriever:142 - IOException on connection: sw-center.st.com
2024-09-29 17:25:14,470 [ERROR] ConfigurationRetriever:142 - IOException on connection: sw-center.st.com
2024-09-29 17:25:16,625 [ERROR] LogOutputStream:75 - [STDERR_REDIRECT] 
2024-09-29 17:25:16,625 [ERROR] LogOutputStream:75 - [STDERR_REDIRECT] 
